2025-08-01 20:37:55,911 - __main__ - INFO - Loading trained model...
2025-08-01 20:37:56,310 - __main__ - INFO - Model loaded successfully
2025-08-01 20:37:56,311 - __main__ - INFO - Persian Digit Captcha API Server initialized
2025-08-01 20:37:56,311 - __main__ - INFO - Configuration: color_tolerance=30, pattern_shadows=True
2025-08-01 20:37:56,311 - __main__ - INFO - Loading trained model...
2025-08-01 20:37:56,589 - __main__ - INFO - Model loaded successfully
2025-08-01 20:37:56,622 - werkzeug - INFO - [31m[1mWARNING: This is a development server. Do not use it in a production deployment. Use a production WSGI server instead.[0m
 * Running on http://127.0.0.1:9090
2025-08-01 20:37:56,622 - werkzeug - INFO - [33mPress CTRL+C to quit[0m
2025-08-01 20:39:39,220 - __main__ - INFO - POST /predict - 400 - 0.000s
2025-08-01 20:39:39,221 - werkzeug - INFO - 127.0.0.1 - - [01/Aug/2025 20:39:39] "[31m[1mPOST /predict HTTP/1.1[0m" 400 -
2025-08-01 20:40:06,559 - __main__ - ERROR - Prediction failed: cannot identify image file <_io.BytesIO object at 0x7d6018b1b1f0>
2025-08-01 20:40:06,560 - __main__ - INFO - POST /predict - 500 - 0.109s
2025-08-01 20:40:06,560 - werkzeug - INFO - 127.0.0.1 - - [01/Aug/2025 20:40:06] "[35m[1mPOST /predict HTTP/1.1[0m" 500 -
2025-08-01 20:40:53,625 - __main__ - INFO - Prediction successful: ۶۶۵۶۶ (time: 0.621s)
2025-08-01 20:40:53,626 - __main__ - ERROR - Prediction failed: 'tuple' object has no attribute 'tolist'
2025-08-01 20:40:53,626 - __main__ - INFO - POST /predict - 500 - 0.621s
2025-08-01 20:40:53,626 - werkzeug - INFO - 127.0.0.1 - - [01/Aug/2025 20:40:53] "[35m[1mPOST /predict HTTP/1.1[0m" 500 -
2025-08-01 20:41:23,945 - __main__ - INFO - Prediction successful: ۶۶۵۶۶ (time: 0.119s)
2025-08-01 20:41:23,945 - __main__ - ERROR - Prediction failed: 'tuple' object has no attribute 'tolist'
2025-08-01 20:41:23,946 - __main__ - INFO - POST /predict - 500 - 0.120s
2025-08-01 20:41:23,946 - werkzeug - INFO - 127.0.0.1 - - [01/Aug/2025 20:41:23] "[35m[1mPOST /predict HTTP/1.1[0m" 500 -
2025-08-01 20:41:45,293 - __main__ - INFO - Prediction successful: ۶۶۶۶۶ (time: 0.112s)
2025-08-01 20:41:45,294 - __main__ - ERROR - Prediction failed: 'tuple' object has no attribute 'tolist'
2025-08-01 20:41:45,294 - __main__ - INFO - POST /predict - 500 - 0.112s
2025-08-01 20:41:45,294 - werkzeug - INFO - 127.0.0.1 - - [01/Aug/2025 20:41:45] "[35m[1mPOST /predict HTTP/1.1[0m" 500 -
2025-08-01 20:47:43,133 - __main__ - INFO - Loading trained model...
2025-08-01 20:47:43,514 - __main__ - INFO - Model loaded successfully
2025-08-01 20:47:43,514 - __main__ - INFO - Persian Digit Captcha API Server initialized
2025-08-01 20:47:43,514 - __main__ - INFO - Configuration: color_tolerance=30, pattern_shadows=True
2025-08-01 20:47:43,515 - __main__ - INFO - Loading trained model...
2025-08-01 20:47:43,738 - __main__ - INFO - Model loaded successfully
2025-08-01 20:47:43,767 - werkzeug - INFO - [31m[1mWARNING: This is a development server. Do not use it in a production deployment. Use a production WSGI server instead.[0m
 * Running on http://127.0.0.1:9090
2025-08-01 20:47:43,767 - werkzeug - INFO - [33mPress CTRL+C to quit[0m
2025-08-01 20:47:45,270 - __main__ - INFO - Prediction successful: ۲۴۴۷۸ (time: 0.523s)
2025-08-01 20:47:45,271 - __main__ - ERROR - Prediction failed: 'tuple' object has no attribute 'tolist'
2025-08-01 20:47:45,271 - __main__ - INFO - POST /predict - 500 - 0.524s
2025-08-01 20:47:45,272 - werkzeug - INFO - 127.0.0.1 - - [01/Aug/2025 20:47:45] "[35m[1mPOST /predict HTTP/1.1[0m" 500 -
2025-08-01 20:58:53,130 - __main__ - INFO - Loading trained model...
2025-08-01 20:58:53,472 - __main__ - INFO - Model loaded successfully
2025-08-01 20:58:53,473 - __main__ - INFO - Persian Digit Captcha API Server initialized
2025-08-01 20:58:53,473 - __main__ - INFO - Configuration: color_tolerance=30, pattern_shadows=True
2025-08-01 20:58:53,473 - __main__ - INFO - Loading trained model...
2025-08-01 20:58:53,743 - __main__ - INFO - Model loaded successfully
2025-08-01 20:58:53,763 - werkzeug - INFO - [31m[1mWARNING: This is a development server. Do not use it in a production deployment. Use a production WSGI server instead.[0m
 * Running on http://127.0.0.1:9090
2025-08-01 20:58:53,763 - werkzeug - INFO - [33mPress CTRL+C to quit[0m
2025-08-01 20:58:55,833 - __main__ - INFO - Prediction successful: ۹۴۹۷۸ (time: 0.697s)
2025-08-01 20:58:55,834 - __main__ - INFO - POST /predict - 200 - 0.698s
2025-08-01 20:58:55,835 - werkzeug - INFO - 127.0.0.1 - - [01/Aug/2025 20:58:55] "POST /predict HTTP/1.1" 200 -
2025-08-01 21:53:45,570 - __main__ - INFO - Loading trained model...
2025-08-01 21:53:45,894 - __main__ - INFO - Model loaded successfully
2025-08-01 21:53:45,894 - __main__ - INFO - Persian Digit Captcha API Server initialized
2025-08-01 21:53:45,895 - __main__ - INFO - Configuration: color_tolerance=30, pattern_shadows=True
2025-08-01 21:53:45,895 - __main__ - INFO - Loading trained model...
2025-08-01 21:53:46,158 - __main__ - INFO - Model loaded successfully
2025-08-01 21:53:46,184 - werkzeug - INFO - [31m[1mWARNING: This is a development server. Do not use it in a production deployment. Use a production WSGI server instead.[0m
 * Running on http://127.0.0.1:9090
2025-08-01 21:53:46,184 - werkzeug - INFO - [33mPress CTRL+C to quit[0m
2025-08-01 21:54:13,068 - __main__ - INFO - Prediction successful: ۵۵۶۶۵ (time: 0.592s)
2025-08-01 21:54:13,069 - __main__ - INFO - POST /predict - 200 - 0.593s
2025-08-01 21:54:13,069 - werkzeug - INFO - 127.0.0.1 - - [01/Aug/2025 21:54:13] "POST /predict HTTP/1.1" 200 -
2025-08-01 21:54:25,884 - __main__ - INFO - Prediction successful: ۷۴۷۴۸ (time: 0.211s)
2025-08-01 21:54:25,885 - __main__ - INFO - POST /predict - 200 - 0.212s
2025-08-01 21:54:25,885 - werkzeug - INFO - 127.0.0.1 - - [01/Aug/2025 21:54:25] "POST /predict HTTP/1.1" 200 -
2025-08-01 21:54:47,013 - __main__ - INFO - Prediction successful: ۷۸۸۸۸ (time: 0.228s)
2025-08-01 21:54:47,013 - __main__ - INFO - POST /predict - 200 - 0.229s
2025-08-01 21:54:47,014 - werkzeug - INFO - 127.0.0.1 - - [01/Aug/2025 21:54:47] "POST /predict HTTP/1.1" 200 -
2025-08-01 21:56:50,643 - __main__ - INFO - Prediction successful: ۳۶۷۸۵ (time: 0.204s)
2025-08-01 21:56:50,643 - __main__ - INFO - POST /predict - 200 - 0.205s
2025-08-01 21:56:50,643 - werkzeug - INFO - 127.0.0.1 - - [01/Aug/2025 21:56:50] "POST /predict HTTP/1.1" 200 -
2025-08-01 21:57:33,455 - __main__ - INFO - Prediction successful: ۳۶۷۸۵ (time: 0.222s)
2025-08-01 21:57:33,455 - __main__ - INFO - POST /predict - 200 - 0.223s
2025-08-01 21:57:33,456 - werkzeug - INFO - 127.0.0.1 - - [01/Aug/2025 21:57:33] "POST /predict HTTP/1.1" 200 -
2025-08-01 21:57:34,549 - __main__ - INFO - Prediction successful: ۳۶۷۸۵ (time: 0.235s)
2025-08-01 21:57:34,550 - __main__ - INFO - POST /predict - 200 - 0.236s
2025-08-01 21:57:34,550 - werkzeug - INFO - 127.0.0.1 - - [01/Aug/2025 21:57:34] "POST /predict HTTP/1.1" 200 -
2025-08-01 21:57:35,622 - __main__ - INFO - Prediction successful: ۳۶۷۸۵ (time: 0.264s)
2025-08-01 21:57:35,622 - __main__ - INFO - POST /predict - 200 - 0.264s
2025-08-01 21:57:35,623 - werkzeug - INFO - 127.0.0.1 - - [01/Aug/2025 21:57:35] "POST /predict HTTP/1.1" 200 -
2025-08-01 21:57:36,867 - __main__ - INFO - Prediction successful: ۳۶۷۸۵ (time: 0.215s)
2025-08-01 21:57:36,867 - __main__ - INFO - POST /predict - 200 - 0.216s
2025-08-01 21:57:36,868 - werkzeug - INFO - 127.0.0.1 - - [01/Aug/2025 21:57:36] "POST /predict HTTP/1.1" 200 -
2025-08-01 21:57:45,383 - __main__ - INFO - Prediction successful: ۵۳۴۳۶ (time: 0.251s)
2025-08-01 21:57:45,384 - __main__ - INFO - POST /predict - 200 - 0.252s
2025-08-01 21:57:45,384 - werkzeug - INFO - 127.0.0.1 - - [01/Aug/2025 21:57:45] "POST /predict HTTP/1.1" 200 -
2025-08-01 21:57:53,247 - __main__ - INFO - Prediction successful: ۹۴۹۷۸ (time: 0.248s)
2025-08-01 21:57:53,247 - __main__ - INFO - POST /predict - 200 - 0.249s
2025-08-01 21:57:53,247 - werkzeug - INFO - 127.0.0.1 - - [01/Aug/2025 21:57:53] "POST /predict HTTP/1.1" 200 -
2025-08-01 21:58:02,385 - __main__ - INFO - Prediction successful: ۸۶۷۴۸ (time: 0.232s)
2025-08-01 21:58:02,386 - __main__ - INFO - POST /predict - 200 - 0.233s
2025-08-01 21:58:02,386 - werkzeug - INFO - 127.0.0.1 - - [01/Aug/2025 21:58:02] "POST /predict HTTP/1.1" 200 -
2025-08-01 22:08:42,290 - __main__ - INFO - Loading trained model...
2025-08-01 22:08:42,710 - __main__ - INFO - Model loaded successfully
2025-08-01 22:08:42,710 - __main__ - INFO - Persian Digit Captcha API Server initialized
2025-08-01 22:08:42,711 - __main__ - INFO - Configuration: color_tolerance=30, pattern_shadows=True
2025-08-01 22:08:42,711 - __main__ - INFO - Loading trained model...
2025-08-01 22:08:42,903 - __main__ - INFO - Model loaded successfully
2025-08-01 22:08:42,932 - werkzeug - INFO - [31m[1mWARNING: This is a development server. Do not use it in a production deployment. Use a production WSGI server instead.[0m
 * Running on http://127.0.0.1:9090
2025-08-01 22:08:42,932 - werkzeug - INFO - [33mPress CTRL+C to quit[0m
2025-08-01 23:42:52,397 - __main__ - INFO - Loading trained model...
2025-08-01 23:42:52,789 - __main__ - INFO - Model loaded successfully
2025-08-01 23:42:52,789 - __main__ - INFO - Persian Digit Captcha API Server initialized
2025-08-01 23:42:52,789 - __main__ - INFO - Configuration: color_tolerance=30, pattern_shadows=True
2025-08-01 23:42:52,790 - __main__ - INFO - Loading trained model...
2025-08-01 23:42:52,996 - __main__ - INFO - Model loaded successfully
2025-08-01 23:42:53,027 - werkzeug - INFO - [31m[1mWARNING: This is a development server. Do not use it in a production deployment. Use a production WSGI server instead.[0m
 * Running on http://127.0.0.1:9090
2025-08-01 23:42:53,027 - werkzeug - INFO - [33mPress CTRL+C to quit[0m
2025-08-01 23:42:54,532 - __main__ - INFO - Box 1: Target color BGR(np.uint8(10), np.uint8(115), np.uint8(97)) (appeared 86 times)
2025-08-01 23:42:54,533 - __main__ - INFO - Box 2: Target color BGR(np.uint8(101), np.uint8(113), np.uint8(54)) (appeared 69 times)
2025-08-01 23:42:54,533 - __main__ - INFO - Box 3: Target color BGR(np.uint8(64), np.uint8(31), np.uint8(64)) (appeared 54 times)
2025-08-01 23:42:54,533 - __main__ - INFO - Box 4: Target color BGR(np.uint8(102), np.uint8(68), np.uint8(71)) (appeared 87 times)
2025-08-01 23:42:54,534 - __main__ - INFO - Box 5: Target color BGR(np.uint8(29), np.uint8(59), np.uint8(103)) (appeared 41 times)
2025-08-01 23:42:54,981 - __main__ - INFO - Digit 1: '۸' (confidence: 0.783)
2025-08-01 23:42:55,021 - __main__ - INFO - Digit 2: '۶' (confidence: 0.971)
2025-08-01 23:42:55,060 - __main__ - INFO - Digit 3: '۷' (confidence: 1.000)
2025-08-01 23:42:55,098 - __main__ - INFO - Digit 4: '۴' (confidence: 1.000)
2025-08-01 23:42:55,135 - __main__ - INFO - Digit 5: '۸' (confidence: 1.000)
2025-08-01 23:42:55,136 - __main__ - INFO - Creating visualization images...
2025-08-01 23:42:55,464 - __main__ - INFO - Prediction successful: ۸۶۷۴۸ (time: 0.953s)
2025-08-01 23:42:55,464 - __main__ - ERROR - Prediction failed: Object of type uint8 is not JSON serializable
2025-08-01 23:42:55,465 - __main__ - INFO - POST /predict - 500 - 0.954s
2025-08-01 23:42:55,465 - werkzeug - INFO - 127.0.0.1 - - [01/Aug/2025 23:42:55] "[35m[1mPOST /predict HTTP/1.1[0m" 500 -
2025-08-03 14:58:17,180 - __main__ - INFO - Loading trained model...
2025-08-03 14:58:17,713 - __main__ - INFO - Model loaded successfully
2025-08-03 14:58:17,714 - __main__ - INFO - Persian Digit Captcha API Server initialized
2025-08-03 14:58:17,714 - __main__ - INFO - Configuration: color_tolerance=30, pattern_shadows=True
2025-08-03 14:58:17,714 - __main__ - INFO - Loading trained model...
2025-08-03 14:58:17,942 - __main__ - INFO - Model loaded successfully
2025-08-03 14:58:18,008 - werkzeug - INFO - [31m[1mWARNING: This is a development server. Do not use it in a production deployment. Use a production WSGI server instead.[0m
 * Running on http://127.0.0.1:9090
2025-08-03 14:58:18,008 - werkzeug - INFO - [33mPress CTRL+C to quit[0m
2025-08-03 14:59:08,902 - __main__ - INFO - Box 1: Target color BGR[108, 59, 52] (appeared 53 times)
2025-08-03 14:59:08,902 - __main__ - INFO - Box 2: Target color BGR[34, 31, 6] (appeared 69 times)
2025-08-03 14:59:08,902 - __main__ - INFO - Box 3: Target color BGR[66, 84, 32] (appeared 92 times)
2025-08-03 14:59:08,903 - __main__ - INFO - Box 4: Target color BGR[113, 3, 99] (appeared 76 times)
2025-08-03 14:59:08,903 - __main__ - INFO - Box 5: Target color BGR[110, 44, 101] (appeared 70 times)
2025-08-03 14:59:09,501 - __main__ - INFO - Digit 1: '۸' (confidence: 1.000)
2025-08-03 14:59:09,539 - __main__ - INFO - Digit 2: '۶' (confidence: 0.564)
2025-08-03 14:59:09,577 - __main__ - INFO - Digit 3: '۶' (confidence: 0.994)
2025-08-03 14:59:09,613 - __main__ - INFO - Digit 4: '۶' (confidence: 1.000)
2025-08-03 14:59:09,651 - __main__ - INFO - Digit 5: '۶' (confidence: 1.000)
2025-08-03 14:59:09,652 - __main__ - INFO - Creating visualization images...
2025-08-03 14:59:09,978 - __main__ - INFO - Prediction successful: ۸۶۶۶۶ (time: 1.151s)
2025-08-03 14:59:09,979 - __main__ - INFO - POST /predict - 200 - 1.152s
2025-08-03 14:59:09,979 - werkzeug - INFO - 127.0.0.1 - - [03/Aug/2025 14:59:09] "POST /predict HTTP/1.1" 200 -
2025-08-03 15:08:14,419 - __main__ - INFO - Loading trained model...
2025-08-03 15:08:14,844 - __main__ - INFO - Model loaded successfully
2025-08-03 15:08:14,844 - __main__ - INFO - Persian Digit Captcha API Server initialized
2025-08-03 15:08:14,844 - __main__ - INFO - Configuration: color_tolerance=30, pattern_shadows=True
2025-08-03 15:08:14,844 - __main__ - INFO - Loading trained model...
2025-08-03 15:08:15,070 - __main__ - INFO - Model loaded successfully
2025-08-03 15:08:15,171 - werkzeug - INFO - [31m[1mWARNING: This is a development server. Do not use it in a production deployment. Use a production WSGI server instead.[0m
 * Running on http://127.0.0.1:9090
2025-08-03 15:08:15,172 - werkzeug - INFO - [33mPress CTRL+C to quit[0m
2025-08-03 15:09:10,735 - __main__ - INFO - Loading trained model...
2025-08-03 15:09:11,137 - __main__ - INFO - Model loaded successfully
2025-08-03 15:09:11,137 - __main__ - INFO - Persian Digit Captcha API Server initialized
2025-08-03 15:09:11,137 - __main__ - INFO - Configuration: color_tolerance=30, pattern_shadows=True
2025-08-03 15:09:11,137 - __main__ - INFO - Loading trained model...
2025-08-03 15:09:11,370 - __main__ - INFO - Model loaded successfully
2025-08-03 15:09:11,391 - werkzeug - INFO - [31m[1mWARNING: This is a development server. Do not use it in a production deployment. Use a production WSGI server instead.[0m
 * Running on http://127.0.0.1:9090
2025-08-03 15:09:11,391 - werkzeug - INFO - [33mPress CTRL+C to quit[0m
2025-08-03 15:10:52,512 - __main__ - INFO - Loading trained model...
2025-08-03 15:10:52,925 - __main__ - INFO - Model loaded successfully
2025-08-03 15:10:52,926 - __main__ - INFO - Persian Digit Captcha API Server initialized
2025-08-03 15:10:52,926 - __main__ - INFO - Configuration: color_tolerance=30, pattern_shadows=True
2025-08-03 15:10:52,926 - __main__ - INFO - Loading trained model...
2025-08-03 15:10:53,139 - __main__ - INFO - Model loaded successfully
2025-08-03 15:10:53,161 - werkzeug - INFO - [31m[1mWARNING: This is a development server. Do not use it in a production deployment. Use a production WSGI server instead.[0m
 * Running on http://127.0.0.1:9090
2025-08-03 15:10:53,161 - werkzeug - INFO - [33mPress CTRL+C to quit[0m
2025-08-03 15:15:05,437 - __main__ - INFO - Loading trained model...
2025-08-03 15:15:05,803 - __main__ - INFO - Model loaded successfully
2025-08-03 15:15:05,803 - __main__ - INFO - Persian Digit Captcha API Server initialized
2025-08-03 15:15:05,803 - __main__ - INFO - Configuration: color_tolerance=30, pattern_shadows=True
2025-08-03 15:15:05,803 - __main__ - INFO - Loading trained model...
2025-08-03 15:15:06,002 - __main__ - INFO - Model loaded successfully
2025-08-03 15:15:06,031 - werkzeug - INFO - [31m[1mWARNING: This is a development server. Do not use it in a production deployment. Use a production WSGI server instead.[0m
 * Running on http://127.0.0.1:9090
2025-08-03 15:15:06,031 - werkzeug - INFO - [33mPress CTRL+C to quit[0m
2025-08-03 15:15:55,035 - __main__ - INFO - Loading trained model...
2025-08-03 15:15:55,379 - __main__ - INFO - Model loaded successfully
2025-08-03 15:15:55,380 - __main__ - INFO - Persian Digit Captcha API Server initialized
2025-08-03 15:15:55,380 - __main__ - INFO - Configuration: color_tolerance=30, pattern_shadows=True
2025-08-03 15:15:55,380 - __main__ - INFO - Loading trained model...
2025-08-03 15:15:55,643 - __main__ - INFO - Model loaded successfully
2025-08-03 15:15:55,672 - werkzeug - INFO - [31m[1mWARNING: This is a development server. Do not use it in a production deployment. Use a production WSGI server instead.[0m
 * Running on http://127.0.0.1:9090
2025-08-03 15:15:55,672 - werkzeug - INFO - [33mPress CTRL+C to quit[0m
2025-08-03 15:16:26,112 - __main__ - INFO - Loading trained model...
2025-08-03 15:16:26,473 - __main__ - INFO - Model loaded successfully
2025-08-03 15:16:26,473 - __main__ - INFO - Persian Digit Captcha API Server initialized
2025-08-03 15:16:26,473 - __main__ - INFO - Configuration: color_tolerance=30, pattern_shadows=True
2025-08-03 15:16:26,473 - __main__ - INFO - Loading trained model...
2025-08-03 15:16:26,672 - __main__ - INFO - Model loaded successfully
2025-08-03 15:16:26,693 - werkzeug - INFO - [31m[1mWARNING: This is a development server. Do not use it in a production deployment. Use a production WSGI server instead.[0m
 * Running on http://127.0.0.1:9090
2025-08-03 15:16:26,693 - werkzeug - INFO - [33mPress CTRL+C to quit[0m
2025-08-03 16:54:06,171 - __main__ - INFO - Loading trained model...
2025-08-03 16:54:06,712 - __main__ - INFO - Model loaded successfully
2025-08-03 16:54:06,712 - __main__ - INFO - Persian Digit Captcha API Server initialized
2025-08-03 16:54:06,712 - __main__ - INFO - Configuration: color_tolerance=30, pattern_shadows=True
2025-08-03 16:54:06,712 - __main__ - INFO - Loading trained model...
2025-08-03 16:54:06,923 - __main__ - INFO - Model loaded successfully
2025-08-03 16:54:06,956 - werkzeug - INFO - [31m[1mWARNING: This is a development server. Do not use it in a production deployment. Use a production WSGI server instead.[0m
 * Running on http://127.0.0.1:9090
2025-08-03 16:54:06,956 - werkzeug - INFO - [33mPress CTRL+C to quit[0m
